{"/root/workspace/week-time-picker/babel.config.js": {"path":"/root/workspace/week-time-picker/babel.config.js","statementMap":{"0":{"start":{"line":1,"column":0},"end":{"line":3,"column":2}}},"fnMap":{},"branchMap":{},"s":{"0":0},"f":{},"b":{},"inputSourceMap":null}
,"/root/workspace/week-time-picker/vue.config.js": {"path":"/root/workspace/week-time-picker/vue.config.js","statementMap":{"0":{"start":{"line":1,"column":0},"end":{"line":5,"column":2}}},"fnMap":{},"branchMap":{},"s":{"0":0},"f":{},"b":{},"inputSourceMap":null}
,"/root/workspace/week-time-picker/src/TimeConstant.js": {"path":"/root/workspace/week-time-picker/src/TimeConstant.js","statementMap":{"0":{"start":{"line":1,"column":32},"end":{"line":1,"column":46}},"1":{"start":{"line":2,"column":30},"end":{"line":2,"column":49}},"2":{"start":{"line":3,"column":30},"end":{"line":3,"column":53}}},"fnMap":{},"branchMap":{},"s":{"0":0,"1":0,"2":0},"f":{},"b":{},"inputSourceMap":null}
,"/root/workspace/week-time-picker/src/i18n.js": {"path":"/root/workspace/week-time-picker/src/i18n.js","statementMap":{"0":{"start":{"line":1,"column":19},"end":{"line":1,"column":47}},"1":{"start":{"line":2,"column":17},"end":{"line":5,"column":1}},"2":{"start":{"line":6,"column":0},"end":{"line":17,"column":1}},"3":{"start":{"line":6,"column":15},"end":{"line":6,"column":16}},"4":{"start":{"line":7,"column":19},"end":{"line":7,"column":34}},"5":{"start":{"line":8,"column":25},"end":{"line":8,"column":59}},"6":{"start":{"line":9,"column":2},"end":{"line":16,"column":3}},"7":{"start":{"line":10,"column":4},"end":{"line":15,"column":5}},"8":{"start":{"line":11,"column":27},"end":{"line":11,"column":29}},"9":{"start":{"line":12,"column":6},"end":{"line":12,"column":52}},"10":{"start":{"line":14,"column":6},"end":{"line":14,"column":67}}},"fnMap":{},"branchMap":{"0":{"loc":{"start":{"line":10,"column":4},"end":{"line":15,"column":5}},"type":"if","locations":[{"start":{"line":10,"column":4},"end":{"line":15,"column":5}},{"start":{"line":10,"column":4},"end":{"line":15,"column":5}}],"line":10}},"s":{"0":0,"1":0,"2":0,"3":0,"4":0,"5":0,"6":0,"7":0,"8":0,"9":0,"10":0},"f":{},"b":{"0":[0,0]},"inputSourceMap":null}
,"/root/workspace/week-time-picker/src/main.js": {"path":"/root/workspace/week-time-picker/src/main.js","statementMap":{"0":{"start":{"line":10,"column":0},"end":{"line":10,"column":16}},"1":{"start":{"line":11,"column":0},"end":{"line":11,"column":16}},"2":{"start":{"line":12,"column":0},"end":{"line":12,"column":21}},"3":{"start":{"line":13,"column":0},"end":{"line":13,"column":14}},"4":{"start":{"line":14,"column":0},"end":{"line":14,"column":17}},"5":{"start":{"line":15,"column":0},"end":{"line":15,"column":14}},"6":{"start":{"line":16,"column":0},"end":{"line":16,"column":31}},"7":{"start":{"line":18,"column":13},"end":{"line":21,"column":2}},"8":{"start":{"line":23,"column":14},"end":{"line":23,"column":41}},"9":{"start":{"line":24,"column":0},"end":{"line":24,"column":33}},"10":{"start":{"line":26,"column":0},"end":{"line":30,"column":18}},"11":{"start":{"line":27,"column":17},"end":{"line":27,"column":24}}},"fnMap":{"0":{"name":"(anonymous_0)","decl":{"start":{"line":27,"column":10},"end":{"line":27,"column":11}},"loc":{"start":{"line":27,"column":17},"end":{"line":27,"column":24}},"line":27}},"branchMap":{},"s":{"0":0,"1":0,"2":0,"3":0,"4":0,"5":0,"6":0,"7":0,"8":0,"9":0,"10":0,"11":0},"f":{"0":0},"b":{},"inputSourceMap":null}
,"/root/workspace/week-time-picker/src/mockData.js": {"path":"/root/workspace/week-time-picker/src/mockData.js","statementMap":{"0":{"start":{"line":1,"column":13},"end":{"line":59,"column":1}}},"fnMap":{},"branchMap":{},"s":{"0":0},"f":{},"b":{},"inputSourceMap":null}
,"/root/workspace/week-time-picker/src/store.js": {"path":"/root/workspace/week-time-picker/src/store.js","statementMap":{"0":{"start":{"line":1,"column":14},"end":{"line":3,"column":1}},"1":{"start":{"line":4,"column":18},"end":{"line":8,"column":1}},"2":{"start":{"line":6,"column":4},"end":{"line":6,"column":18}}},"fnMap":{"0":{"name":"(anonymous_0)","decl":{"start":{"line":5,"column":2},"end":{"line":5,"column":3}},"loc":{"start":{"line":5,"column":19},"end":{"line":7,"column":3}},"line":5}},"branchMap":{},"s":{"0":0,"1":0,"2":0},"f":{"0":0},"b":{},"inputSourceMap":null}
}
